<?xml version="1.0" encoding="UTF-8"?>
<!-- Generated by org.testng.reporters.JUnitXMLReporter -->
<testsuite ignored="8" hostname="DESKTOP-P9MM3AH" failures="1" tests="5" name="Automation" time="457.72" errors="0" timestamp="2023-11-03T17:54:24 IST">
  <testcase classname="com.GuestUserWith_CreditCard.tc__BySearchingProduct_GuestUser_InCC" name="bySearchingProduct_GuestUser_InCC" time="102.679"/>
  <testcase classname="com.GuestUserWith_CreditCard.tc__GuestUserRandomProductFromPDP_InCc" name="ProductFromPDP" time="114.073"/>
  <testcase classname="com.GuestUserWith_CreditCard.tc__GuestUserRandomProductFromPLP_InCc" name="GuestUserRandomProductFromPLP_InCc" time="122.465"/>
  <testcase classname="com.GuestUserWith_CreditCard.tc__HomePageBannerPLPInCC" name="HomePageBannerPLP" time="104.58"/>
  <testcase classname="com.GuestUserWith_CreditCard.tc__HomePageCLPInCC" name="HomePageCLPInCC" time="3.492">
    <failure type="java.lang.IllegalArgumentException" message="bound must be positive">
      <![CDATA[java.lang.IllegalArgumentException: bound must be positive
at java.base/java.util.Random.nextInt(Random.java:322)
at com.Scenarios.menuSelction.randommenu(menuSelction.java:48)
at com.PageObjects.CLPpage.selectaClpRandomly(CLPpage.java:58)
at com.PageObjects.homePage.homepageClickClp(homePage.java:87)
at com.Scenarios.homePageClp.homePageCLP(homePageClp.java:19)
at com.GuestUserWith_CreditCard.tc__HomePageCLPInCC.HomePageCLPInCC(tc__HomePageCLPInCC.java:20)
at java.base/java.util.ArrayList.forEach(ArrayList.java:1511)
... Removed 27 stack frames]]>
    </failure>
  </testcase> <!-- HomePageCLPInCC -->
  <testcase classname="com.testcases.baseClass" name="@BeforeSuite setUpforReport" time="0.0">
    <ignored/>
  </testcase> <!-- @BeforeSuite setUpforReport -->
  <testcase classname="com.testcases.baseClass" name="@AfterSuite tearDown" time="0.0">
    <ignored/>
  </testcase> <!-- @AfterSuite tearDown -->
  <testcase classname="com.testcases.baseClass" name="@BeforeSuite setUpforReport" time="0.0">
    <ignored/>
  </testcase> <!-- @BeforeSuite setUpforReport -->
  <testcase classname="com.testcases.baseClass" name="@AfterSuite tearDown" time="0.0">
    <ignored/>
  </testcase> <!-- @AfterSuite tearDown -->
  <testcase classname="com.testcases.baseClass" name="@AfterSuite tearDown" time="0.0">
    <ignored/>
  </testcase> <!-- @AfterSuite tearDown -->
  <testcase classname="com.testcases.baseClass" name="@BeforeSuite setUpforReport" time="0.0">
    <ignored/>
  </testcase> <!-- @BeforeSuite setUpforReport -->
  <testcase classname="com.testcases.baseClass" name="@BeforeSuite setUpforReport" time="0.0">
    <ignored/>
  </testcase> <!-- @BeforeSuite setUpforReport -->
  <testcase classname="com.testcases.baseClass" name="@AfterSuite tearDown" time="0.0">
    <ignored/>
  </testcase> <!-- @AfterSuite tearDown -->
</testsuite> <!-- Automation -->
